<?xml version="1.0" encoding="UTF-8"?>
<testsuite name="VerificationController Test" tests="5" skipped="0" failures="0" errors="0" timestamp="2021-09-28T17:03:20" hostname="DESKTOP-06GN6VU" time="0.43">
  <properties/>
  <testcase name="getVerificationImageUrl()" classname="com.verifymycoin.VerificationManager.controller.VerificationControllerTest" time="0.184"/>
  <testcase name="getVerificationUrl()" classname="com.verifymycoin.VerificationManager.controller.VerificationControllerTest" time="0.068"/>
  <testcase name="getVerificationImage()" classname="com.verifymycoin.VerificationManager.controller.VerificationControllerTest" time="0.031"/>
  <testcase name="사용자의 증명서 목록" classname="com.verifymycoin.VerificationManager.controller.VerificationControllerTest" time="0.07"/>
  <testcase name="resaveImageUrl()" classname="com.verifymycoin.VerificationManager.controller.VerificationControllerTest" time="0.07"/>
  <system-out><![CDATA[02:03:17.665 [Test worker] DEBUG org.springframework.test.context.BootstrapUtils - Instantiating CacheAwareContextLoaderDelegate from class [org.springframework.test.context.cache.DefaultCacheAwareContextLoaderDelegate]
02:03:17.678 [Test worker] DEBUG org.springframework.test.context.BootstrapUtils - Instantiating BootstrapContext using constructor [public org.springframework.test.context.support.DefaultBootstrapContext(java.lang.Class,org.springframework.test.context.CacheAwareContextLoaderDelegate)]
02:03:17.715 [Test worker] DEBUG org.springframework.test.context.BootstrapUtils - Instantiating TestContextBootstrapper for test class [com.verifymycoin.VerificationManager.controller.VerificationControllerTest] from class [org.springframework.boot.test.autoconfigure.web.servlet.WebMvcTestContextBootstrapper]
02:03:17.729 [Test worker] INFO org.springframework.boot.test.autoconfigure.web.servlet.WebMvcTestContextBootstrapper - Neither @ContextConfiguration nor @ContextHierarchy found for test class [com.verifymycoin.VerificationManager.controller.VerificationControllerTest], using SpringBootContextLoader
02:03:17.733 [Test worker] DEBUG org.springframework.test.context.support.AbstractContextLoader - Did not detect default resource location for test class [com.verifymycoin.VerificationManager.controller.VerificationControllerTest]: class path resource [com/verifymycoin/VerificationManager/controller/VerificationControllerTest-context.xml] does not exist
02:03:17.733 [Test worker] DEBUG org.springframework.test.context.support.AbstractContextLoader - Did not detect default resource location for test class [com.verifymycoin.VerificationManager.controller.VerificationControllerTest]: class path resource [com/verifymycoin/VerificationManager/controller/VerificationControllerTestContext.groovy] does not exist
02:03:17.734 [Test worker] INFO org.springframework.test.context.support.AbstractContextLoader - Could not detect default resource locations for test class [com.verifymycoin.VerificationManager.controller.VerificationControllerTest]: no resource found for suffixes {-context.xml, Context.groovy}.
02:03:17.735 [Test worker] INFO org.springframework.test.context.support.AnnotationConfigContextLoaderUtils - Could not detect default configuration classes for test class [com.verifymycoin.VerificationManager.controller.VerificationControllerTest]: VerificationControllerTest does not declare any static, non-private, non-final, nested classes annotated with @Configuration.
02:03:17.801 [Test worker] DEBUG org.springframework.test.context.support.ActiveProfilesUtils - Could not find an 'annotation declaring class' for annotation type [org.springframework.test.context.ActiveProfiles] and class [com.verifymycoin.VerificationManager.controller.VerificationControllerTest]
02:03:17.869 [Test worker] DEBUG org.springframework.context.annotation.ClassPathScanningCandidateComponentProvider - Identified candidate component class: file [D:\bitcamp\final\VerificationManager\build\classes\java\main\com\verifymycoin\VerificationManager\VerificationManagerApplication.class]
02:03:17.870 [Test worker] INFO org.springframework.boot.test.context.SpringBootTestContextBootstrapper - Found @SpringBootConfiguration com.verifymycoin.VerificationManager.VerificationManagerApplication for test class com.verifymycoin.VerificationManager.controller.VerificationControllerTest
02:03:17.873 [Test worker] DEBUG org.springframework.boot.test.autoconfigure.web.servlet.WebMvcTestContextBootstrapper - @TestExecutionListeners is not present for class [com.verifymycoin.VerificationManager.controller.VerificationControllerTest]: using defaults.
02:03:17.873 [Test worker] INFO org.springframework.boot.test.autoconfigure.web.servlet.WebMvcTestContextBootstrapper - Loaded default TestExecutionListener class names from location [META-INF/spring.factories]: [org.springframework.boot.test.autoconfigure.restdocs.RestDocsTestExecutionListener, org.springframework.boot.test.autoconfigure.web.client.MockRestServiceServerResetTestExecutionListener, org.springframework.boot.test.autoconfigure.web.servlet.MockMvcPrintOnlyOnFailureTestExecutionListener, org.springframework.boot.test.autoconfigure.web.servlet.WebDriverTestExecutionListener, org.springframework.boot.test.autoconfigure.webservices.client.MockWebServiceServerTestExecutionListener, org.springframework.boot.test.mock.mockito.MockitoTestExecutionListener, org.springframework.boot.test.mock.mockito.ResetMocksTestExecutionListener, org.springframework.test.context.web.ServletTestExecutionListener, org.springframework.test.context.support.DirtiesContextBeforeModesTestExecutionListener, org.springframework.test.context.event.ApplicationEventsTestExecutionListener, org.springframework.test.context.support.DependencyInjectionTestExecutionListener, org.springframework.test.context.support.DirtiesContextTestExecutionListener, org.springframework.test.context.transaction.TransactionalTestExecutionListener, org.springframework.test.context.jdbc.SqlScriptsTestExecutionListener, org.springframework.test.context.event.EventPublishingTestExecutionListener]
02:03:17.889 [Test worker] INFO org.springframework.boot.test.autoconfigure.web.servlet.WebMvcTestContextBootstrapper - Using TestExecutionListeners: [org.springframework.test.context.web.ServletTestExecutionListener@4f3f1e71, org.springframework.test.context.support.DirtiesContextBeforeModesTestExecutionListener@3029fbf9, org.springframework.test.context.event.ApplicationEventsTestExecutionListener@bcfdbe0, org.springframework.boot.test.mock.mockito.MockitoTestExecutionListener@2ccc3f24, org.springframework.boot.test.autoconfigure.SpringBootDependencyInjectionTestExecutionListener@1b37705a, org.springframework.test.context.support.DirtiesContextTestExecutionListener@64bea6f6, org.springframework.test.context.transaction.TransactionalTestExecutionListener@115b715a, org.springframework.test.context.jdbc.SqlScriptsTestExecutionListener@5ca3594a, org.springframework.test.context.event.EventPublishingTestExecutionListener@7c365724, org.springframework.boot.test.autoconfigure.restdocs.RestDocsTestExecutionListener@6daed742, org.springframework.boot.test.autoconfigure.web.client.MockRestServiceServerResetTestExecutionListener@27b5ba0c, org.springframework.boot.test.autoconfigure.web.servlet.MockMvcPrintOnlyOnFailureTestExecutionListener@611adeb9, org.springframework.boot.test.autoconfigure.web.servlet.WebDriverTestExecutionListener@2fdb3ac9, org.springframework.boot.test.autoconfigure.webservices.client.MockWebServiceServerTestExecutionListener@3454fcb7, org.springframework.boot.test.mock.mockito.ResetMocksTestExecutionListener@3ebb45eb]
02:03:17.892 [Test worker] DEBUG org.springframework.test.context.support.AbstractDirtiesContextTestExecutionListener - Before test class: context [DefaultTestContext@747e873e testClass = VerificationControllerTest, testInstance = [null], testMethod = [null], testException = [null], mergedContextConfiguration = [WebMergedContextConfiguration@76e1b59 testClass = VerificationControllerTest, locations = '{}', classes = '{class com.verifymycoin.VerificationManager.VerificationManagerApplication}', contextInitializerClasses = '[]', activeProfiles = '{}', propertySourceLocations = '{}', propertySourceProperties = '{org.springframework.boot.test.autoconfigure.web.servlet.WebMvcTestContextBootstrapper=true}', contextCustomizers = set[org.springframework.boot.test.autoconfigure.OverrideAutoConfigurationContextCustomizerFactory$DisableAutoConfigurationContextCustomizer@3ddf6863, org.springframework.boot.test.autoconfigure.actuate.metrics.MetricsExportContextCustomizerFactory$DisableMetricExportContextCustomizer@a6dfd3e, org.springframework.boot.test.autoconfigure.filter.TypeExcludeFiltersContextCustomizer@2601e611, org.springframework.boot.test.autoconfigure.properties.PropertyMappingContextCustomizer@f14670d4, org.springframework.boot.test.autoconfigure.web.servlet.WebDriverContextCustomizerFactory$Customizer@4e17f1ee, [ImportsContextCustomizer@516d4609 key = [org.springframework.boot.autoconfigure.cache.CacheAutoConfiguration, org.springframework.boot.autoconfigure.context.MessageSourceAutoConfiguration, org.springframework.boot.autoconfigure.data.web.SpringDataWebAutoConfiguration, org.springframework.boot.autoconfigure.freemarker.FreeMarkerAutoConfiguration, org.springframework.boot.autoconfigure.groovy.template.GroovyTemplateAutoConfiguration, org.springframework.boot.autoconfigure.gson.GsonAutoConfiguration, org.springframework.boot.autoconfigure.hateoas.HypermediaAutoConfiguration, org.springframework.boot.autoconfigure.http.HttpMessageConvertersAutoConfiguration, org.springframework.boot.autoconfigure.jackson.JacksonAutoConfiguration, org.springframework.boot.autoconfigure.jsonb.JsonbAutoConfiguration, org.springframework.boot.autoconfigure.mustache.MustacheAutoConfiguration, org.springframework.boot.autoconfigure.task.TaskExecutionAutoConfiguration, org.springframework.boot.autoconfigure.thymeleaf.ThymeleafAutoConfiguration, org.springframework.boot.autoconfigure.validation.ValidationAutoConfiguration, org.springframework.boot.autoconfigure.web.servlet.error.ErrorMvcAutoConfiguration, org.springframework.boot.autoconfigure.web.servlet.HttpEncodingAutoConfiguration, org.springframework.boot.autoconfigure.web.servlet.WebMvcAutoConfiguration, org.springframework.boot.test.autoconfigure.web.servlet.MockMvcAutoConfiguration, org.springframework.boot.test.autoconfigure.web.servlet.MockMvcWebClientAutoConfiguration, org.springframework.boot.test.autoconfigure.web.servlet.MockMvcWebDriverAutoConfiguration, org.springframework.boot.autoconfigure.security.oauth2.client.servlet.OAuth2ClientAutoConfiguration, org.springframework.boot.autoconfigure.security.oauth2.resource.servlet.OAuth2ResourceServerAutoConfiguration, org.springframework.boot.autoconfigure.security.servlet.SecurityAutoConfiguration, org.springframework.boot.autoconfigure.security.servlet.SecurityFilterAutoConfiguration, org.springframework.boot.autoconfigure.security.servlet.UserDetailsServiceAutoConfiguration, org.springframework.boot.test.autoconfigure.web.servlet.MockMvcSecurityConfiguration]], org.springframework.boot.test.context.filter.ExcludeFilterContextCustomizer@de93d50, org.springframework.boot.test.json.DuplicateJsonObjectContextCustomizerFactory$DuplicateJsonObjectContextCustomizer@4b3b7475, org.springframework.boot.test.mock.mockito.MockitoContextCustomizer@b27f6a7c, org.springframework.boot.test.context.SpringBootTestArgs@1, org.springframework.boot.test.context.SpringBootTestWebEnvironment@0], resourceBasePath = 'src/main/webapp', contextLoader = 'org.springframework.boot.test.context.SpringBootContextLoader', parent = [null]], attributes = map[[empty]]], class annotated with @DirtiesContext [false] with mode [null].
02:03:17.933 [Test worker] DEBUG org.springframework.test.context.support.TestPropertySourceUtils - Adding inlined properties to environment: {spring.jmx.enabled=false, org.springframework.boot.test.autoconfigure.web.servlet.WebMvcTestContextBootstrapper=true}

  .   ____          _            __ _ _
 /\\ / ___'_ __ _ _(_)_ __  __ _ \ \ \ \
( ( )\___ | '_ | '_| | '_ \/ _` | \ \ \ \
 \\/  ___)| |_)| | | | | || (_| |  ) ) ) )
  '  |____| .__|_| |_|_| |_\__, | / / / /
 =========|_|==============|___/=/_/_/_/
 :: Spring Boot ::                (v2.5.4)

2021-09-29 02:03:18.345  INFO 31016 --- [    Test worker] c.v.V.c.VerificationControllerTest       : Starting VerificationControllerTest using Java 11.0.12 on DESKTOP-06GN6VU with PID 31016 (started by 0901B in D:\bitcamp\final\VerificationManager)
2021-09-29 02:03:18.347  INFO 31016 --- [    Test worker] c.v.V.c.VerificationControllerTest       : No active profile set, falling back to default profiles: default
2021-09-29 02:03:20.078  INFO 31016 --- [    Test worker] o.s.b.t.m.w.SpringBootMockServletContext : Initializing Spring TestDispatcherServlet ''
2021-09-29 02:03:20.078  INFO 31016 --- [    Test worker] o.s.t.web.servlet.TestDispatcherServlet  : Initializing Servlet ''
2021-09-29 02:03:20.079  INFO 31016 --- [    Test worker] o.s.t.web.servlet.TestDispatcherServlet  : Completed initialization in 1 ms
2021-09-29 02:03:20.114  INFO 31016 --- [    Test worker] c.v.V.c.VerificationControllerTest       : Started VerificationControllerTest in 2.172 seconds (JVM running for 3.895)
2021-09-29 02:03:20.160  INFO 31016 --- [    Test worker] o.s.mock.web.MockServletContext          : Initializing Spring TestDispatcherServlet ''
2021-09-29 02:03:20.160  INFO 31016 --- [    Test worker] o.s.t.web.servlet.TestDispatcherServlet  : Initializing Servlet ''
2021-09-29 02:03:20.161  INFO 31016 --- [    Test worker] o.s.t.web.servlet.TestDispatcherServlet  : Completed initialization in 0 ms

MockHttpServletRequest:
      HTTP Method = GET
      Request URI = /verification/image
       Parameters = {}
          Headers = [Content-Type:"application/json;charset=UTF-8", userId:"test", Content-Length:"2"]
             Body = {}
    Session Attrs = {}

Handler:
             Type = com.verifymycoin.VerificationManager.controller.VerificationController
           Method = com.verifymycoin.VerificationManager.controller.VerificationController#getVerificationUrl(String)

Async:
    Async started = false
     Async result = null

Resolved Exception:
             Type = null

ModelAndView:
        View name = null
             View = null
            Model = null

FlashMap:
       Attributes = null

MockHttpServletResponse:
           Status = 200
    Error message = null
          Headers = [Content-Type:"application/json;charset=UTF-8"]
     Content type = application/json;charset=UTF-8
             Body = {"code":3200,"message":"SUCCESS","data":null}
    Forwarded URL = null
   Redirected URL = null
          Cookies = []
2021-09-29 02:03:20.326  INFO 31016 --- [    Test worker] o.s.mock.web.MockServletContext          : Initializing Spring TestDispatcherServlet ''
2021-09-29 02:03:20.326  INFO 31016 --- [    Test worker] o.s.t.web.servlet.TestDispatcherServlet  : Initializing Servlet ''
2021-09-29 02:03:20.326  INFO 31016 --- [    Test worker] o.s.t.web.servlet.TestDispatcherServlet  : Completed initialization in 0 ms

MockHttpServletRequest:
      HTTP Method = GET
      Request URI = /verification/615309291fc2f34655124587
       Parameters = {}
          Headers = [Content-Type:"application/json;charset=UTF-8", userId:"test", Content-Length:"2"]
             Body = {}
    Session Attrs = {}

Handler:
             Type = com.verifymycoin.VerificationManager.controller.VerificationController
           Method = com.verifymycoin.VerificationManager.controller.VerificationController#getVerificationUrl(String)

Async:
    Async started = false
     Async result = null

Resolved Exception:
             Type = null

ModelAndView:
        View name = null
             View = null
            Model = null

FlashMap:
       Attributes = null

MockHttpServletResponse:
           Status = 200
    Error message = null
          Headers = [Content-Type:"application/json;charset=UTF-8"]
     Content type = application/json;charset=UTF-8
             Body = {"code":3200,"message":"SUCCESS","data":{"id":"615309291fc2f34655124587","userId":"test","exchangeName":"Bithumb","startDate":"2021-01-01","endDate":"2021-01-10","orderCurrency":"OMG","paymentCurrency":"KRW","units":"10.55","profit":"-10000","avarageCost":"17.000","imageUrl":null}}
    Forwarded URL = null
   Redirected URL = null
          Cookies = []
2021-09-29 02:03:20.397  INFO 31016 --- [    Test worker] o.s.mock.web.MockServletContext          : Initializing Spring TestDispatcherServlet ''
2021-09-29 02:03:20.397  INFO 31016 --- [    Test worker] o.s.t.web.servlet.TestDispatcherServlet  : Initializing Servlet ''
2021-09-29 02:03:20.397  INFO 31016 --- [    Test worker] o.s.t.web.servlet.TestDispatcherServlet  : Completed initialization in 0 ms

MockHttpServletRequest:
      HTTP Method = GET
      Request URI = /verification/image/download
       Parameters = {}
          Headers = [Content-Type:"application/json;charset=UTF-8", userId:"test", Content-Length:"2"]
             Body = {}
    Session Attrs = {}

Handler:
             Type = com.verifymycoin.VerificationManager.controller.VerificationController
           Method = com.verifymycoin.VerificationManager.controller.VerificationController#getVerificationImageUrl(String)

Async:
    Async started = false
     Async result = null

Resolved Exception:
             Type = null

ModelAndView:
        View name = null
             View = null
            Model = null

FlashMap:
       Attributes = null

MockHttpServletResponse:
           Status = 200
    Error message = null
          Headers = [Content-Type:"application/json;charset=UTF-8"]
     Content type = application/json;charset=UTF-8
             Body = {"code":3200,"message":"SUCCESS","data":{}}
    Forwarded URL = null
   Redirected URL = null
          Cookies = []
2021-09-29 02:03:20.426  INFO 31016 --- [    Test worker] o.s.mock.web.MockServletContext          : Initializing Spring TestDispatcherServlet ''
2021-09-29 02:03:20.426  INFO 31016 --- [    Test worker] o.s.t.web.servlet.TestDispatcherServlet  : Initializing Servlet ''
2021-09-29 02:03:20.426  INFO 31016 --- [    Test worker] o.s.t.web.servlet.TestDispatcherServlet  : Completed initialization in 0 ms
[Verification(id=615309291fc2f34655124587, userId=test, exchangeName=Bithumb, startDate=2021-01-01, endDate=2021-01-10, orderCurrency=OMG, paymentCurrency=KRW, units=10.55, profit=-10000, avarageCost=17.000, imageUrl=null)]

MockHttpServletRequest:
      HTTP Method = GET
      Request URI = /verification
       Parameters = {}
          Headers = [Content-Type:"application/json;charset=UTF-8", userId:"test", Content-Length:"2"]
             Body = {}
    Session Attrs = {}

Handler:
             Type = com.verifymycoin.VerificationManager.controller.VerificationController
           Method = com.verifymycoin.VerificationManager.controller.VerificationController#verificationList(HttpHeaders)

Async:
    Async started = false
     Async result = null

Resolved Exception:
             Type = null

ModelAndView:
        View name = null
             View = null
            Model = null

FlashMap:
       Attributes = null

MockHttpServletResponse:
           Status = 200
    Error message = null
          Headers = [Content-Type:"application/json;charset=UTF-8"]
     Content type = application/json;charset=UTF-8
             Body = {"code":3200,"message":"SUCCESS","data":[{"id":"615309291fc2f34655124587","userId":"test","exchangeName":"Bithumb","startDate":"2021-01-01","endDate":"2021-01-10","orderCurrency":"OMG","paymentCurrency":"KRW","units":"10.55","profit":"-10000","avarageCost":"17.000","imageUrl":null}]}
    Forwarded URL = null
   Redirected URL = null
          Cookies = []
2021-09-29 02:03:20.503  INFO 31016 --- [    Test worker] o.s.mock.web.MockServletContext          : Initializing Spring TestDispatcherServlet ''
2021-09-29 02:03:20.504  INFO 31016 --- [    Test worker] o.s.t.web.servlet.TestDispatcherServlet  : Initializing Servlet ''
2021-09-29 02:03:20.504  INFO 31016 --- [    Test worker] o.s.t.web.servlet.TestDispatcherServlet  : Completed initialization in 0 ms

MockHttpServletRequest:
      HTTP Method = POST
      Request URI = /verification/image
       Parameters = {}
          Headers = [Content-Type:"application/json;charset=UTF-8", userId:"test", Content-Length:"225"]
             Body = {"id":"615309291fc2f34655124587","userId":"test","exchangeName":"Bithumb","startDate":"2021-01-01","endDate":"2021-01-10","orderCurrency":"OMG","paymentCurrency":"KRW","units":"10.55","profit":"-10000","avarageCost":"17.000"}
    Session Attrs = {}

Handler:
             Type = com.verifymycoin.VerificationManager.controller.VerificationController
           Method = com.verifymycoin.VerificationManager.controller.VerificationController#resaveImageUrl(Verification)

Async:
    Async started = false
     Async result = null

Resolved Exception:
             Type = null

ModelAndView:
        View name = null
             View = null
            Model = null

FlashMap:
       Attributes = null

MockHttpServletResponse:
           Status = 200
    Error message = null
          Headers = [Content-Type:"application/json;charset=UTF-8"]
     Content type = application/json;charset=UTF-8
             Body = {"code":3200,"message":"SUCCESS","data":"https://vmc-bucket.s3.ap-northeast-2.amazonaws.com/verification/dfffb75a-6776-4805-afd3-d0b5aed1f2f4"}
    Forwarded URL = null
   Redirected URL = null
          Cookies = []
]]></system-out>
  <system-err><![CDATA[]]></system-err>
</testsuite>
